<?xml version="1.0" encoding="UTF-8"?>
<!-- Generated by org.testng.reporters.JUnitXMLReporter -->
<testsuite ignored="0" hostname="DESKTOP-O40KR61" failures="0" tests="6" name="Logged in user" time="14.376" errors="0" timestamp="2023-03-26T22:44:59 CEST">
  <testcase classname="testsWithLogin.AddRandomItemToCart" name="addRandomItemToCart" time="1.235"/>
  <testcase classname="testsWithLogin.RemoveItemFromCart" name="removeItem" time="1.172"/>
  <testcase classname="testsWithLogin.LogoutTest" name="LogoutTest" time="1.161"/>
  <testcase classname="testsWithLogin.AddItemToCart" name="addItemToCart" time="1.191"/>
  <testcase classname="testsWithLogin.AddMostExpensiveItemInCart" name="addMostExpensiveItemToCart" time="1.351"/>
  <testcase classname="testsWithLogin.TotalPriceTest" name="checkTotalPrice" time="2.645"/>
</testsuite> <!-- Logged in user -->
