<?xml version="1.0" encoding="UTF-8"?>
<!-- Generated by org.testng.reporters.JUnitXMLReporter -->
<testsuite ignored="0" hostname="DESKTOP-O40KR61" failures="0" tests="5" name="Login" time="23.142" errors="0" timestamp="2023-03-26T22:44:45 CEST">
  <testcase classname="tests.LoginTest" name="loginTest" time="0.723"/>
  <testcase classname="tests.FailedLoginTest" name="failedLogin" time="0.519"/>
  <testcase classname="tests.FailedLoginTest" name="failedLogin" time="0.321"/>
  <testcase classname="tests.FailedLoginTest" name="failedLogin" time="0.37"/>
  <testcase classname="tests.FailedLoginTest" name="failedLogin" time="0.383"/>
</testsuite> <!-- Login -->
